<?xml version="1.0" encoding="UTF-8"?>
<testng-results skipped="0" failed="0" ignored="0" total="1" passed="1">
  <reporter-output>
  </reporter-output>
  <suite name="Suite" duration-ms="13579" started-at="2020-02-25T16:41:40Z" finished-at="2020-02-25T16:41:54Z">
    <groups>
    </groups>
    <test name="Test" duration-ms="13579" started-at="2020-02-25T16:41:40Z" finished-at="2020-02-25T16:41:54Z">
      <class name="com.framework.tests.LoginTest">
        <test-method status="PASS" signature="startsettingsuite()[pri:0, instance:com.framework.tests.LoginTest@72da34]" name="startsettingsuite" is-config="true" duration-ms="540" started-at="2020-02-25T22:11:40Z" finished-at="2020-02-25T22:11:40Z">
          <reporter-output>
          </reporter-output>
        </test-method> <!-- startsettingsuite -->
        <test-method status="PASS" signature="startbrowser(java.lang.String, java.lang.String)[pri:0, instance:com.framework.tests.LoginTest@72da34]" name="startbrowser" is-config="true" duration-ms="7153" started-at="2020-02-25T22:11:40Z" finished-at="2020-02-25T22:11:47Z">
          <params>
            <param index="0">
              <value>
                <![CDATA[chrome]]>
              </value>
            </param>
            <param index="1">
              <value>
                <![CDATA[https://opensource-demo.orangehrmlive.com/]]>
              </value>
            </param>
          </params>
          <reporter-output>
          </reporter-output>
        </test-method> <!-- startbrowser -->
        <test-method status="PASS" signature="Loginpage()[pri:0, instance:com.framework.tests.LoginTest@72da34]" name="Loginpage" duration-ms="3879" started-at="2020-02-25T22:11:47Z" finished-at="2020-02-25T22:11:51Z">
          <reporter-output>
          </reporter-output>
        </test-method> <!-- Loginpage -->
        <test-method status="PASS" signature="teardownmethod(org.testng.ITestResult)[pri:0, instance:com.framework.tests.LoginTest@72da34]" name="teardownmethod" is-config="true" duration-ms="1613" started-at="2020-02-25T22:11:51Z" finished-at="2020-02-25T22:11:53Z">
          <params>
            <param index="0">
              <value>
                <![CDATA[[TestResult name=Loginpage status=SUCCESS method=LoginTest.Loginpage()[pri:0, instance:com.framework.tests.LoginTest@72da34] output={null}]]]>
              </value>
            </param>
          </params>
          <reporter-output>
          </reporter-output>
        </test-method> <!-- teardownmethod -->
        <test-method status="PASS" signature="teardown()[pri:0, instance:com.framework.tests.LoginTest@72da34]" name="teardown" is-config="true" duration-ms="924" started-at="2020-02-25T22:11:53Z" finished-at="2020-02-25T22:11:54Z">
          <reporter-output>
          </reporter-output>
        </test-method> <!-- teardown -->
      </class> <!-- com.framework.tests.LoginTest -->
    </test> <!-- Test -->
  </suite> <!-- Suite -->
</testng-results>
