<?xml version="1.0" encoding="UTF-8"?>
<!-- Generated by org.testng.reporters.JUnitXMLReporter -->
<testsuite hostname="karthik-PC" ignored="0" name="Test" tests="1" failures="0" timestamp="25 Feb 2020 14:47:42 GMT" time="0.033" errors="0">
  <testcase name="@BeforeClass startbrowser" time="0.0" classname="com.framework.pages.Baseclass">
    <failure type="java.lang.NullPointerException">
      <![CDATA[java.lang.NullPointerException
	at com.framework.utility.Browserfactory.startApplication(Browserfactory.java:33)
	at com.framework.pages.Baseclass.startbrowser(Baseclass.java:59)
... Removed 25 stack frames]]>
    </failure>
  </testcase> <!-- @BeforeClass startbrowser -->
  <testcase name="@AfterMethod teardownmethod" time="0.0" classname="com.framework.pages.Baseclass">
    <skipped/>
  </testcase> <!-- @AfterMethod teardownmethod -->
  <testcase name="@AfterClass teardown" time="0.0" classname="com.framework.pages.Baseclass">
    <skipped/>
  </testcase> <!-- @AfterClass teardown -->
  <testcase name="Loginpage" time="0.004" classname="com.framework.tests.LoginTest">
    <skipped/>
  </testcase> <!-- Loginpage -->
</testsuite> <!-- Test -->
